<?xml version="1.0" encoding="UTF-8"?>
<!-- Generated by org.testng.reporters.JUnitReportReporter -->
<testsuite hostname="DESKTOP-LEFNIKN" failures="0" tests="2" name="ngpack.NewTestOnline" time="17.169" errors="0" timestamp="2020-09-15T16:40:03 EET" skipped="0">
  <testcase classname="ngpack.NewTestOnline" name="openURLNew" time="11.769"/>
  <system-out/>
  <testcase classname="ngpack.NewTestOnline" name="passParameters" time="5.400"/>
  <system-out/>
</testsuite> <!-- ngpack.NewTestOnline -->
