<?xml version="1.0" encoding="UTF-8"?>
<!-- Generated by org.testng.reporters.JUnitReportReporter -->
<testsuite hostname="DESKTOP-LEFNIKN" failures="0" tests="2" name="ngpack.NewTest" time="55.732" errors="0" timestamp="01 Sep 2019 13:24:51 GMT" skipped="0">
  <testcase classname="ngpack.NewTest" name="passParameters" time="45.054"/>
  <testcase classname="ngpack.NewTest" name="openURLNew" time="10.678"/>
</testsuite> <!-- ngpack.NewTest -->
