<?xml version="1.0" encoding="UTF-8"?>
<!-- Generated by org.testng.reporters.JUnitReportReporter -->
<testsuite hostname="DESKTOP-LEFNIKN" failures="0" tests="2" name="ngpack.NewTest" time="45.838" errors="0" timestamp="20 Aug 2019 10:15:50 GMT" skipped="0">
  <testcase classname="ngpack.NewTest" name="openURLNew" time="7.275"/>
  <testcase classname="ngpack.NewTest" name="passParameters" time="38.563"/>
</testsuite> <!-- ngpack.NewTest -->
