<?xml version="1.0" encoding="UTF-8"?>
<!-- Generated by org.testng.reporters.JUnitReportReporter -->
<testsuite hostname="DESKTOP-LEFNIKN" failures="0" tests="2" name="ngpack.NewTestOnline" time="86.548" errors="0" timestamp="23 Oct 2019 09:36:43 GMT" skipped="0">
  <testcase classname="ngpack.NewTestOnline" name="passParameters" time="42.909"/>
  <testcase classname="ngpack.NewTestOnline" name="openURLNew" time="43.639"/>
</testsuite> <!-- ngpack.NewTestOnline -->
