<?xml version="1.0" encoding="UTF-8"?>
<!-- Generated by org.testng.reporters.JUnitReportReporter -->
<testsuite hostname="DESKTOP-LEFNIKN" failures="0" tests="2" name="ngPack.NewTest" time="30.597" errors="0" timestamp="10 Apr 2019 09:49:33 GMT" skipped="0">
  <testcase classname="ngPack.NewTest" name="launchbrowser" time="30.580"/>
  <testcase classname="ngPack.NewTest" name="passParameters" time="0.017"/>
</testsuite> <!-- ngPack.NewTest -->
