<?xml version="1.0" encoding="UTF-8"?>
<!-- Generated by org.testng.reporters.JUnitReportReporter -->
<testsuite skipped="0" hostname="DESKTOP-U7QDSHC" name="ngPack.NewTest" tests="2" failures="0" timestamp="17 Feb 2019 13:24:04 GMT" time="41.722" errors="0">
  <testcase name="launchbrowser" time="41.691" classname="ngPack.NewTest"/>
  <testcase name="passParameters" time="0.031" classname="ngPack.NewTest"/>
</testsuite> <!-- ngPack.NewTest -->
