<?xml version="1.0" encoding="UTF-8"?>
<!-- Generated by org.testng.reporters.JUnitReportReporter -->
<testsuite hostname="DESKTOP-LEFNIKN" failures="0" tests="2" name="ngpack.NewTest" time="60.142" errors="0" timestamp="25 Aug 2019 11:42:01 GMT" skipped="0">
  <testcase classname="ngpack.NewTest" name="passParameters" time="42.503"/>
  <testcase classname="ngpack.NewTest" name="openURLNew" time="17.639"/>
</testsuite> <!-- ngpack.NewTest -->
