<?xml version="1.0" encoding="UTF-8"?>
<!-- Generated by org.testng.reporters.JUnitReportReporter -->
<testsuite hostname="DESKTOP-LEFNIKN" failures="0" tests="2" name="ngpack.NewTest" time="49.602" errors="0" timestamp="02 Sep 2019 20:36:09 GMT" skipped="0">
  <testcase classname="ngpack.NewTest" name="passParameters" time="28.914"/>
  <testcase classname="ngpack.NewTest" name="openURLNew" time="20.688"/>
</testsuite> <!-- ngpack.NewTest -->
