<?xml version="1.0" encoding="UTF-8"?>
<!-- Generated by org.testng.reporters.JUnitReportReporter -->
<testsuite hostname="DESKTOP-LEFNIKN" failures="0" tests="2" name="ngpack.NewTest" time="56.430" errors="0" timestamp="02 Sep 2019 15:23:03 GMT" skipped="0">
  <testcase classname="ngpack.NewTest" name="passParameters" time="35.451"/>
  <testcase classname="ngpack.NewTest" name="openURLNew" time="20.979"/>
</testsuite> <!-- ngpack.NewTest -->
