<?xml version="1.0" encoding="UTF-8"?>
<!-- Generated by org.testng.reporters.JUnitReportReporter -->
<testsuite hostname="DESKTOP-LEFNIKN" failures="0" tests="2" name="ngpack.NewTest" time="48.289" errors="0" timestamp="18 Aug 2019 14:27:04 GMT" skipped="0">
  <testcase classname="ngpack.NewTest" name="openURLNew" time="8.239"/>
  <testcase classname="ngpack.NewTest" name="passParameters" time="40.050"/>
</testsuite> <!-- ngpack.NewTest -->
