<?xml version="1.0" encoding="UTF-8"?>
<!-- Generated by org.testng.reporters.JUnitReportReporter -->
<testsuite hostname="DESKTOP-LEFNIKN" failures="0" tests="2" name="ngpack.NewTestOnline" time="61.033" errors="0" timestamp="26 Nov 2019 12:47:59 GMT" skipped="0">
  <testcase classname="ngpack.NewTestOnline" name="passParameters" time="30.690"/>
  <testcase classname="ngpack.NewTestOnline" name="openURLNew" time="30.343"/>
</testsuite> <!-- ngpack.NewTestOnline -->
