<?xml version="1.0" encoding="UTF-8"?>
<!-- Generated by org.testng.reporters.JUnitReportReporter -->
<testsuite hostname="DESKTOP-LEFNIKN" failures="0" tests="2" name="ngpack.NewTestOnline" time="32.487" errors="0" timestamp="05 Oct 2019 13:54:55 GMT" skipped="0">
  <testcase classname="ngpack.NewTestOnline" name="passParameters" time="30.752"/>
  <testcase classname="ngpack.NewTestOnline" name="openURLNew" time="1.735"/>
</testsuite> <!-- ngpack.NewTestOnline -->
